<?xml version="1.0" encoding="UTF-8"?>
<!-- Generated by org.testng.reporters.JUnitReportReporter -->
<testsuite name="com.amazon.testcases.Add_To_Cart" tests="1" time="41.911" ignored="0" failures="0" timestamp="07 Apr 2020 12:06:20 GMT" skipped="0" hostname="DESKTOP-TBUU579" errors="0">
  <testcase name="add_items_cart" time="41.911" classname="com.amazon.testcases.Add_To_Cart"/>
</testsuite> <!-- com.amazon.testcases.Add_To_Cart -->
