<?xml version="1.0" encoding="UTF-8"?>
<!-- Generated by org.testng.reporters.JUnitReportReporter -->
<testsuite name="com.amazon.testcases.login" tests="1" time="22.155" ignored="0" failures="0" timestamp="07 Apr 2020 06:05:04 GMT" skipped="0" hostname="DESKTOP-TBUU579" errors="0">
  <testcase name="loginamazon" time="22.155" classname="com.amazon.testcases.login"/>
</testsuite> <!-- com.amazon.testcases.login -->
